2022-10-08 07:07:25.582  WARN 21716 --- [HikariPool-1 housekeeper] com.zaxxer.hikari.pool.HikariPool        : HikariPool-1 - Thread starvation or clock leap detected (housekeeper delta=7h17m54s326ms286µs).
2022-10-08 07:20:41.237  INFO 21716 --- [SpringApplicationShutdownHook] j.LocalContainerEntityManagerFactoryBean : Closing JPA EntityManagerFactory for persistence unit 'default'
2022-10-08 07:20:41.239  INFO 21716 --- [SpringApplicationShutdownHook] com.zaxxer.hikari.HikariDataSource       : HikariPool-1 - Shutdown initiated...
2022-10-08 07:20:41.246  INFO 21716 --- [SpringApplicationShutdownHook] com.zaxxer.hikari.HikariDataSource       : HikariPool-1 - Shutdown completed.
2022-10-08 08:40:59.743  INFO 19508 --- [restartedMain] com.cg.employee.EmployeeApplication      : Starting EmployeeApplication using Java 11.0.12 on LIN24010876 with PID 19508 (C:\Users\SPRAMODB\OneDrive - Capgemini\Desktop\employee (1)\employee\target\classes started by spramodb in C:\Users\SPRAMODB\OneDrive - Capgemini\Desktop\employee (1))
2022-10-08 08:40:59.745  INFO 19508 --- [restartedMain] com.cg.employee.EmployeeApplication      : No active profile set, falling back to 1 default profile: "default"
2022-10-08 08:40:59.921  INFO 19508 --- [restartedMain] o.s.b.devtools.restart.ChangeableUrls    : The Class-Path manifest attribute in C:\Users\SPRAMODB\.m2\repository\com\oracle\database\jdbc\ojdbc8\21.5.0.0\ojdbc8-21.5.0.0.jar referenced one or more files that do not exist: file:/C:/Users/SPRAMODB/.m2/repository/com/oracle/database/jdbc/ojdbc8/21.5.0.0/oraclepki.jar
2022-10-08 08:40:59.922  INFO 19508 --- [restartedMain] .e.DevToolsPropertyDefaultsPostProcessor : Devtools property defaults active! Set 'spring.devtools.add-properties' to 'false' to disable
2022-10-08 08:40:59.930  INFO 19508 --- [restartedMain] .e.DevToolsPropertyDefaultsPostProcessor : For additional web related logging consider setting the 'logging.level.web' property to 'DEBUG'
2022-10-08 08:41:01.954  INFO 19508 --- [restartedMain] .s.d.r.c.RepositoryConfigurationDelegate : Bootstrapping Spring Data JPA repositories in DEFAULT mode.
2022-10-08 08:41:02.104  INFO 19508 --- [restartedMain] .s.d.r.c.RepositoryConfigurationDelegate : Finished Spring Data repository scanning in 125 ms. Found 1 JPA repository interfaces.
2022-10-08 08:41:03.978  INFO 19508 --- [restartedMain] o.s.b.w.embedded.tomcat.TomcatWebServer  : Tomcat initialized with port(s): 8091 (http)
2022-10-08 08:41:03.999  INFO 19508 --- [restartedMain] o.apache.catalina.core.StandardService   : Starting service [Tomcat]
2022-10-08 08:41:04.000  INFO 19508 --- [restartedMain] org.apache.catalina.core.StandardEngine  : Starting Servlet engine: [Apache Tomcat/9.0.65]
2022-10-08 08:41:04.149  INFO 19508 --- [restartedMain] o.a.c.c.C.[Tomcat].[localhost].[/]       : Initializing Spring embedded WebApplicationContext
2022-10-08 08:41:04.150  INFO 19508 --- [restartedMain] w.s.c.ServletWebServerApplicationContext : Root WebApplicationContext: initialization completed in 4219 ms
2022-10-08 08:41:04.672  INFO 19508 --- [restartedMain] o.hibernate.jpa.internal.util.LogHelper  : HHH000204: Processing PersistenceUnitInfo [name: default]
2022-10-08 08:41:04.767  INFO 19508 --- [restartedMain] org.hibernate.Version                    : HHH000412: Hibernate ORM core version 5.6.11.Final
2022-10-08 08:41:05.048  INFO 19508 --- [restartedMain] o.hibernate.annotations.common.Version   : HCANN000001: Hibernate Commons Annotations {5.1.2.Final}
2022-10-08 08:41:05.240  INFO 19508 --- [restartedMain] com.zaxxer.hikari.HikariDataSource       : HikariPool-1 - Starting...
2022-10-08 08:41:05.253  WARN 19508 --- [restartedMain] com.zaxxer.hikari.util.DriverDataSource  : Registered driver with driverClassName=oracle.jdbc.driver.OracleDriver was not found, trying direct instantiation.
2022-10-08 08:41:05.775  INFO 19508 --- [restartedMain] com.zaxxer.hikari.HikariDataSource       : HikariPool-1 - Start completed.
2022-10-08 08:41:05.808  INFO 19508 --- [restartedMain] org.hibernate.dialect.Dialect            : HHH000400: Using dialect: org.hibernate.dialect.Oracle10gDialect
2022-10-08 08:41:07.216  INFO 19508 --- [restartedMain] o.h.e.t.j.p.i.JtaPlatformInitiator       : HHH000490: Using JtaPlatform implementation: [org.hibernate.engine.transaction.jta.platform.internal.NoJtaPlatform]
2022-10-08 08:41:07.224  INFO 19508 --- [restartedMain] j.LocalContainerEntityManagerFactoryBean : Initialized JPA EntityManagerFactory for persistence unit 'default'
2022-10-08 08:41:08.118  WARN 19508 --- [restartedMain] JpaBaseConfiguration$JpaWebConfiguration : spring.jpa.open-in-view is enabled by default. Therefore, database queries may be performed during view rendering. Explicitly configure spring.jpa.open-in-view to disable this warning
2022-10-08 08:41:08.470  INFO 19508 --- [restartedMain] pertySourcedRequestMappingHandlerMapping : Mapped URL path [/v2/api-docs] onto method [springfox.documentation.swagger2.web.Swagger2Controller#getDocumentation(String, HttpServletRequest)]
2022-10-08 08:41:08.708  INFO 19508 --- [restartedMain] o.s.b.d.a.OptionalLiveReloadServer       : LiveReload server is running on port 35729
2022-10-08 08:41:08.986  INFO 19508 --- [restartedMain] o.s.b.w.embedded.tomcat.TomcatWebServer  : Tomcat started on port(s): 8091 (http) with context path ''
2022-10-08 08:41:08.988  INFO 19508 --- [restartedMain] d.s.w.p.DocumentationPluginsBootstrapper : Context refreshed
2022-10-08 08:41:09.020  INFO 19508 --- [restartedMain] d.s.w.p.DocumentationPluginsBootstrapper : Found 1 custom documentation plugin(s)
2022-10-08 08:41:09.056  INFO 19508 --- [restartedMain] s.d.s.w.s.ApiListingReferenceScanner     : Scanning for api listing references
2022-10-08 08:41:09.246  INFO 19508 --- [restartedMain] com.cg.employee.EmployeeApplication      : Started EmployeeApplication in 10.253 seconds (JVM running for 11.13)
2022-10-08 08:44:20.017  INFO 19508 --- [http-nio-8091-exec-3] o.a.c.c.C.[Tomcat].[localhost].[/]       : Initializing Spring DispatcherServlet 'dispatcherServlet'
2022-10-08 08:44:20.018  INFO 19508 --- [http-nio-8091-exec-3] o.s.web.servlet.DispatcherServlet        : Initializing Servlet 'dispatcherServlet'
2022-10-08 08:44:20.019  INFO 19508 --- [http-nio-8091-exec-3] o.s.web.servlet.DispatcherServlet        : Completed initialization in 1 ms
2022-10-08 08:45:55.542  WARN 19508 --- [http-nio-8091-exec-8] .m.m.a.ExceptionHandlerExceptionResolver : Resolved [org.springframework.http.converter.HttpMessageNotReadableException: JSON parse error: Invalid numeric value: Leading zeroes not allowed; nested exception is com.fasterxml.jackson.core.JsonParseException: Invalid numeric value: Leading zeroes not allowed<EOL> at [Source: (org.springframework.util.StreamUtils$NonClosingInputStream); line: 6, column: 10]]
2022-10-08 08:46:03.395  WARN 19508 --- [http-nio-8091-exec-10] .m.m.a.ExceptionHandlerExceptionResolver : Resolved [org.springframework.http.converter.HttpMessageNotReadableException: JSON parse error: Invalid numeric value: Leading zeroes not allowed; nested exception is com.fasterxml.jackson.core.JsonParseException: Invalid numeric value: Leading zeroes not allowed<EOL> at [Source: (org.springframework.util.StreamUtils$NonClosingInputStream); line: 6, column: 10]]
